<?xml version="1.0" encoding="UTF-8"?>
<testng-results ignored="0" total="1" passed="1" failed="0" skipped="0">
  <reporter-output>
  </reporter-output>
  <suite started-at="2026-05-25T22:29:26 IST" name="Default suite" finished-at="2026-05-25T22:29:28 IST" duration-ms="2606">
    <groups>
    </groups>
    <test started-at="2026-05-25T22:29:26 IST" name="Default test" finished-at="2026-05-25T22:29:28 IST" duration-ms="2606">
      <class name="com.example.SampleTest">
        <test-method is-config="true" signature="setUp()[pri:0, instance:com.example.SampleTest@8f4ea7c]" started-at="2026-05-25T22:29:26 IST" name="setUp" finished-at="2026-05-25T22:29:28 IST" duration-ms="1623" status="PASS">
          <reporter-output>
          </reporter-output>
        </test-method> <!-- setUp -->
        <test-method signature="verifyTitle()[pri:0, instance:com.example.SampleTest@8f4ea7c]" started-at="2026-05-25T22:29:28 IST" name="verifyTitle" finished-at="2026-05-25T22:29:28 IST" duration-ms="787" status="PASS">
          <reporter-output>
          </reporter-output>
        </test-method> <!-- verifyTitle -->
        <test-method is-config="true" signature="tearDown()[pri:0, instance:com.example.SampleTest@8f4ea7c]" started-at="2026-05-25T22:29:28 IST" name="tearDown" finished-at="2026-05-25T22:29:28 IST" duration-ms="152" status="PASS">
          <reporter-output>
          </reporter-output>
        </test-method> <!-- tearDown -->
      </class> <!-- com.example.SampleTest -->
    </test> <!-- Default test -->
  </suite> <!-- Default suite -->
</testng-results>
